<?xml version="1.0" encoding="UTF-8"?>
<testsuite xmlns:xsi="http://www.w3.org/2001/XMLSchema-instance" xsi:noNamespaceSchemaLocation="https://maven.apache.org/surefire/maven-surefire-plugin/xsd/surefire-test-report.xsd" version="3.0.2" name="com.skillbridge.backend.auth.AuthControllerTest" time="15.103" tests="5" errors="0" skipped="0" failures="1" flakes="0">
  <properties>
[...]
</properties>
  <testcase name="register_returns_400_when_email_duplicate" classname="com.skillbridge.backend.auth.AuthControllerTest" time="1.243">
    <system-out><![CDATA[14:00:22.195 [main] INFO org.springframework.test.context.support.AnnotationConfigContextLoaderUtils -- Could not detect default configuration classes for test class [com.skillbridge.backend.auth.AuthControllerTest]: AuthControllerTest does not declare any static, non-private, non-final, nested classes annotated with @Configuration.
14:00:22.508 [main] INFO org.springframework.boot.test.context.SpringBootTestContextBootstrapper -- Found @SpringBootConfiguration com.skillbridge.backend.BackendApplication for test class com.skillbridge.backend.auth.AuthControllerTest

  .   ____          _            __ _ _
 /\\ / ___'_ __ _ _(_)_ __  __ _ \ \ \ \
( ( )\___ | '_ | '_| | '_ \/ _` | \ \ \ \
 \\/  ___)| |_)| | | | | || (_| |  ) ) ) )
  '  |____| .__|_| |_|_| |_\__, | / / / /
 =========|_|==============|___/=/_/_/_/

 :: Spring Boot ::               (v3.5.14)

2026-05-31T14:00:23.630+05:30  WARN 10264 --- [skillbridge] [           main] ory$DuplicateJsonObjectContextCustomizer : 

Found multiple occurrences of org.json.JSONObject on the class path:

	jar:file:/C:/Users/manda/.m2/repository/org/json/json/20240303/json-20240303.jar!/org/json/JSONObject.class
	jar:file:/C:/Users/manda/.m2/repository/com/vaadin/external/google/android-json/0.0.20131108.vaadin1/android-json-0.0.20131108.vaadin1.jar!/org/json/JSONObject.class

You may wish to exclude one of them to ensure predictable runtime behavior

2026-05-31T14:00:23.684+05:30  INFO 10264 --- [skillbridge] [           main] c.s.backend.auth.AuthControllerTest      : Starting AuthControllerTest using Java 21.0.9 with PID 10264 (started by manda in D:\MyFolder\projects\Startup\backend\backend)
2026-05-31T14:00:23.686+05:30  INFO 10264 --- [skillbridge] [           main] c.s.backend.auth.AuthControllerTest      : The following 1 profile is active: "test"
2026-05-31T14:00:26.090+05:30  INFO 10264 --- [skillbridge] [           main] .s.d.r.c.RepositoryConfigurationDelegate : Bootstrapping Spring Data JPA repositories in DEFAULT mode.
2026-05-31T14:00:26.252+05:30  INFO 10264 --- [skillbridge] [           main] .s.d.r.c.RepositoryConfigurationDelegate : Finished Spring Data repository scanning in 139 ms. Found 11 JPA repository interfaces.
2026-05-31T14:00:27.184+05:30  INFO 10264 --- [skillbridge] [           main] o.hibernate.jpa.internal.util.LogHelper  : HHH000204: Processing PersistenceUnitInfo [name: default]
2026-05-31T14:00:27.312+05:30  INFO 10264 --- [skillbridge] [           main] org.hibernate.Version                    : HHH000412: Hibernate ORM core version 6.6.49.Final
2026-05-31T14:00:27.396+05:30  INFO 10264 --- [skillbridge] [           main] o.h.c.internal.RegionFactoryInitiator    : HHH000026: Second-level cache disabled
2026-05-31T14:00:27.949+05:30  INFO 10264 --- [skillbridge] [           main] o.s.o.j.p.SpringPersistenceUnitInfo      : No LoadTimeWeaver setup: ignoring JPA class transformer
2026-05-31T14:00:28.012+05:30  INFO 10264 --- [skillbridge] [           main] com.zaxxer.hikari.HikariDataSource       : HikariPool-1 - Starting...
2026-05-31T14:00:28.501+05:30  INFO 10264 --- [skillbridge] [           main] com.zaxxer.hikari.pool.HikariPool        : HikariPool-1 - Added connection conn0: url=jdbc:h2:mem:skillbridge_test user=SA
2026-05-31T14:00:28.504+05:30  INFO 10264 --- [skillbridge] [           main] com.zaxxer.hikari.HikariDataSource       : HikariPool-1 - Start completed.
2026-05-31T14:00:28.552+05:30  WARN 10264 --- [skillbridge] [           main] org.hibernate.orm.deprecation            : HHH90000025: H2Dialect does not need to be specified explicitly using 'hibernate.dialect' (remove the property setting and it will be selected by default)
2026-05-31T14:00:28.596+05:30  INFO 10264 --- [skillbridge] [           main] org.hibernate.orm.connections.pooling    : HHH10001005: Database info:
	Database JDBC URL [Connecting through datasource 'HikariDataSource (HikariPool-1)']
	Database driver: undefined/unknown
	Database version: 2.3.232
	Autocommit mode: undefined/unknown
	Isolation level: undefined/unknown
	Minimum pool size: undefined/unknown
	Maximum pool size: undefined/unknown
2026-05-31T14:00:30.222+05:30  INFO 10264 --- [skillbridge] [           main] o.h.e.t.j.p.i.JtaPlatformInitiator       : HHH000489: No JTA platform available (set 'hibernate.transaction.jta.platform' to enable JTA platform integration)
2026-05-31T14:00:30.334+05:30  INFO 10264 --- [skillbridge] [           main] j.LocalContainerEntityManagerFactoryBean : Initialized JPA EntityManagerFactory for persistence unit 'default'
2026-05-31T14:00:30.699+05:30  INFO 10264 --- [skillbridge] [           main] o.s.d.j.r.query.QueryEnhancerFactory     : Hibernate is in classpath; If applicable, HQL parser will be used.
2026-05-31T14:00:32.806+05:30  WARN 10264 --- [skillbridge] [           main] JpaBaseConfiguration$JpaWebConfiguration : spring.jpa.open-in-view is enabled by default. Therefore, database queries may be performed during view rendering. Explicitly configure spring.jpa.open-in-view to disable this warning
2026-05-31T14:00:33.387+05:30  INFO 10264 --- [skillbridge] [           main] o.s.b.a.e.web.EndpointLinksResolver      : Exposing 1 endpoint beneath base path '/actuator'
2026-05-31T14:00:33.427+05:30  INFO 10264 --- [skillbridge] [           main] r$InitializeUserDetailsManagerConfigurer : Global AuthenticationManager configured with UserDetailsService bean with name userDetailsServiceImpl
2026-05-31T14:00:34.046+05:30  INFO 10264 --- [skillbridge] [           main] o.s.b.t.m.w.SpringBootMockServletContext : Initializing Spring TestDispatcherServlet ''
2026-05-31T14:00:34.046+05:30  INFO 10264 --- [skillbridge] [           main] o.s.t.web.servlet.TestDispatcherServlet  : Initializing Servlet ''
2026-05-31T14:00:34.047+05:30  INFO 10264 --- [skillbridge] [           main] o.s.t.web.servlet.TestDispatcherServlet  : Completed initialization in 1 ms
2026-05-31T14:00:34.146+05:30  INFO 10264 --- [skillbridge] [           main] c.s.backend.auth.AuthControllerTest      : Started AuthControllerTest in 11.287 seconds (process running for 13.5)
2026-05-31T14:00:35.305+05:30  INFO 10264 --- [skillbridge] [           main] c.skillbridge.backend.auth.AuthService   : New user registered: test_2d4106ee-e5e9-41ba-8968-2083eb7a3939@skillbridge.com as STUDENT
]]></system-out>
    <system-err><![CDATA[Mockito is currently self-attaching to enable the inline-mock-maker. This will no longer work in future releases of the JDK. Please add Mockito as an agent to your build as described in Mockito's documentation: https://javadoc.io/doc/org.mockito/mockito-core/latest/org.mockito/org/mockito/Mockito.html#0.3
WARNING: A Java agent has been loaded dynamically (C:\Users\manda\.m2\repository\net\bytebuddy\byte-buddy-agent\1.17.8\byte-buddy-agent-1.17.8.jar)
WARNING: If a serviceability tool is in use, please run with -XX:+EnableDynamicAgentLoading to hide this warning
WARNING: If a serviceability tool is not in use, please run with -Djdk.instrument.traceUsage for more information
WARNING: Dynamic loading of agents will be disallowed by default in a future release
]]></system-err>
  </testcase>
  <testcase name="register_returns_201_with_tokens" classname="com.skillbridge.backend.auth.AuthControllerTest" time="0.263">
    <system-out><![CDATA[2026-05-31T14:00:35.762+05:30  INFO 10264 --- [skillbridge] [           main] c.skillbridge.backend.auth.AuthService   : New user registered: test_cbf4b249-4a89-4fcf-aa75-5a9dba164cc1@skillbridge.com as STUDENT
]]></system-out>
  </testcase>
  <testcase name="register_returns_400_when_password_weak" classname="com.skillbridge.backend.auth.AuthControllerTest" time="0.027"/>
  <testcase name="login_returns_401_wrong_password" classname="com.skillbridge.backend.auth.AuthControllerTest" time="0.544">
    <failure message="Status expected:&lt;401&gt; but was:&lt;200&gt;" type="java.lang.AssertionError"><![CDATA[java.lang.AssertionError: Status expected:<401> but was:<200>
	at org.springframework.test.util.AssertionErrors.fail(AssertionErrors.java:61)
	at org.springframework.test.util.AssertionErrors.assertEquals(AssertionErrors.java:128)
	at org.springframework.test.web.servlet.result.StatusResultMatchers.lambda$matcher$9(StatusResultMatchers.java:640)
	at org.springframework.test.web.servlet.MockMvc$1.andExpect(MockMvc.java:214)
	at com.skillbridge.backend.auth.AuthControllerTest.login_returns_401_wrong_password(AuthControllerTest.java:100)
	at java.base/java.lang.reflect.Method.invoke(Method.java:580)
	at java.base/java.util.ArrayList.forEach(ArrayList.java:1596)
	at java.base/java.util.ArrayList.forEach(ArrayList.java:1596)
]]></failure>
    <system-out><![CDATA[2026-05-31T14:00:36.058+05:30  INFO 10264 --- [skillbridge] [           main] c.skillbridge.backend.auth.AuthService   : New user registered: test_71bf11a5-f9c4-4c49-9c05-a5d251c81158@skillbridge.com as STUDENT
2026-05-31T14:00:36.330+05:30  INFO 10264 --- [skillbridge] [           main] c.skillbridge.backend.auth.AuthService   : User logged in: test_71bf11a5-f9c4-4c49-9c05-a5d251c81158@skillbridge.com

MockHttpServletRequest:
      HTTP Method = POST
      Request URI = /api/auth/register
       Parameters = {}
          Headers = [Content-Type:"application/json;charset=UTF-8", Content-Length:"128"]
             Body = {"name":"Test User","email":"test_71bf11a5-f9c4-4c49-9c05-a5d251c81158@skillbridge.com","password":"Test@1234","role":"STUDENT"}
    Session Attrs = {}

Handler:
             Type = com.skillbridge.backend.auth.AuthController
           Method = com.skillbridge.backend.auth.AuthController#register(RegisterRequest)

Async:
    Async started = false
     Async result = null

Resolved Exception:
             Type = null

ModelAndView:
        View name = null
             View = null
            Model = null

FlashMap:
       Attributes = null

MockHttpServletResponse:
           Status = 201
    Error message = null
          Headers = [Content-Type:"application/json", X-Content-Type-Options:"nosniff", X-XSS-Protection:"0", Cache-Control:"no-cache, no-store, max-age=0, must-revalidate", Pragma:"no-cache", Expires:"0", X-Frame-Options:"DENY"]
     Content type = application/json
             Body = {"success":true,"message":"Registration successful","data":{"userId":"df8e1cfe-336e-4324-ae06-3d2ec33b2182","name":"Test User","email":"test_71bf11a5-f9c4-4c49-9c05-a5d251c81158@skillbridge.com","role":"STUDENT","accessToken":"eyJhbGciOiJIUzI1NiJ9.eyJzdWIiOiJkZjhlMWNmZS0zMzZlLTQzMjQtYWUwNi0zZDJlYzMzYjIxODIiLCJlbWFpbCI6InRlc3RfNzFiZjExYTUtZjljNC00YzQ5LTljMDUtYTVkMjUxYzgxMTU4QHNraWxsYnJpZGdlLmNvbSIsInJvbGUiOiJTVFVERU5UIiwiaWF0IjoxNzgwMjE2MjM2LCJleHAiOjE3ODAyMTcxMzZ9.6oriYrqvJPNycYzSjihVfie661P_PEXcFa1Cn-CPtJk","refreshToken":"eyJhbGciOiJIUzI1NiJ9.eyJzdWIiOiJkZjhlMWNmZS0zMzZlLTQzMjQtYWUwNi0zZDJlYzMzYjIxODIiLCJqdGkiOiIxYWM2N2RjNS1mMmQxLTQ3N2YtYTYwZC00ZGQ4MTg2ZTE5MjYiLCJpYXQiOjE3ODAyMTYyMzYsImV4cCI6MTc4MDgyMTAzNn0.368hDnil19h-VXAsowpJmgoARP8rF3bDH7etB_TwyP8"},"timestamp":"2026-05-31T14:00:36.0615877"}
    Forwarded URL = null
   Redirected URL = null
          Cookies = []

MockHttpServletRequest:
      HTTP Method = POST
      Request URI = /api/auth/login
       Parameters = {}
          Headers = [Content-Type:"application/json;charset=UTF-8", Content-Length:"92"]
             Body = {"email":"test_71bf11a5-f9c4-4c49-9c05-a5d251c81158@skillbridge.com","password":"Test@1234"}
    Session Attrs = {}

Handler:
             Type = com.skillbridge.backend.auth.AuthController
           Method = com.skillbridge.backend.auth.AuthController#login(LoginRequest)

Async:
    Async started = false
     Async result = null

Resolved Exception:
             Type = null

ModelAndView:
        View name = null
             View = null
            Model = null

FlashMap:
       Attributes = null

MockHttpServletResponse:
           Status = 200
    Error message = null
          Headers = [Content-Type:"application/json", X-Content-Type-Options:"nosniff", X-XSS-Protection:"0", Cache-Control:"no-cache, no-store, max-age=0, must-revalidate", Pragma:"no-cache", Expires:"0", X-Frame-Options:"DENY"]
     Content type = application/json
             Body = {"success":true,"message":"Login successful","data":{"userId":"df8e1cfe-336e-4324-ae06-3d2ec33b2182","name":"Test User","email":"test_71bf11a5-f9c4-4c49-9c05-a5d251c81158@skillbridge.com","role":"STUDENT","accessToken":"eyJhbGciOiJIUzI1NiJ9.eyJzdWIiOiJkZjhlMWNmZS0zMzZlLTQzMjQtYWUwNi0zZDJlYzMzYjIxODIiLCJlbWFpbCI6InRlc3RfNzFiZjExYTUtZjljNC00YzQ5LTljMDUtYTVkMjUxYzgxMTU4QHNraWxsYnJpZGdlLmNvbSIsInJvbGUiOiJTVFVERU5UIiwiaWF0IjoxNzgwMjE2MjM2LCJleHAiOjE3ODAyMTcxMzZ9.6oriYrqvJPNycYzSjihVfie661P_PEXcFa1Cn-CPtJk","refreshToken":"eyJhbGciOiJIUzI1NiJ9.eyJzdWIiOiJkZjhlMWNmZS0zMzZlLTQzMjQtYWUwNi0zZDJlYzMzYjIxODIiLCJqdGkiOiI2YTlhMTZlMC0zZmUyLTQ5YWUtYjM3Yy03NWU1NjcxZGRhMjciLCJpYXQiOjE3ODAyMTYyMzYsImV4cCI6MTc4MDgyMTAzNn0.HiEfRjIr7NqutsqqK2-JJHnluINYT6aMTx3mTYDZ1s4"},"timestamp":"2026-05-31T14:00:36.333255"}
    Forwarded URL = null
   Redirected URL = null
          Cookies = []
]]></system-out>
  </testcase>
  <testcase name="login_returns_200_with_tokens" classname="com.skillbridge.backend.auth.AuthControllerTest" time="0.534">
    <system-out><![CDATA[2026-05-31T14:00:36.628+05:30  INFO 10264 --- [skillbridge] [           main] c.skillbridge.backend.auth.AuthService   : New user registered: test_9ddefdda-93ab-4ada-ac5d-754261c8a84e@skillbridge.com as STUDENT
2026-05-31T14:00:36.876+05:30  INFO 10264 --- [skillbridge] [           main] c.skillbridge.backend.auth.AuthService   : User logged in: test_9ddefdda-93ab-4ada-ac5d-754261c8a84e@skillbridge.com
]]></system-out>
  </testcase>
</testsuite>