<?xml version="1.0" encoding="UTF-8"?>
<testsuite xmlns:xsi="http://www.w3.org/2001/XMLSchema-instance" xsi:noNamespaceSchemaLocation="https://maven.apache.org/surefire/maven-surefire-plugin/xsd/surefire-test-report.xsd" version="3.0.2" name="com.skillbridge.backend.auth.AuthServiceTest" time="1.282" tests="6" errors="0" skipped="0" failures="0" flakes="0">
  <properties>
[...]
</properties>
  <testcase name="login_throws_when_user_banned" classname="com.skillbridge.backend.auth.AuthServiceTest" time="1.175"/>
  <testcase name="login_throws_when_user_not_found" classname="com.skillbridge.backend.auth.AuthServiceTest" time="0.012"/>
  <testcase name="login_success" classname="com.skillbridge.backend.auth.AuthServiceTest" time="0.027">
    <system-out><![CDATA[2026-05-31T14:00:38.113+05:30  INFO 10264 --- [skillbridge] [           main] c.skillbridge.backend.auth.AuthService   : User logged in: test_b0a8737b-5b2a-4b54-8bbc-ce4e5170772f@skillbridge.com
]]></system-out>
  </testcase>
  <testcase name="register_success" classname="com.skillbridge.backend.auth.AuthServiceTest" time="0.04">
    <system-out><![CDATA[2026-05-31T14:00:38.135+05:30  INFO 10264 --- [skillbridge] [           main] c.skillbridge.backend.auth.AuthService   : New user registered: test_a78a5e22-ae27-4411-8055-92076dc0b4a2@skillbridge.com as STUDENT
]]></system-out>
  </testcase>
  <testcase name="login_throws_when_wrong_password" classname="com.skillbridge.backend.auth.AuthServiceTest" time="0.008"/>
  <testcase name="register_throws_when_email_exists" classname="com.skillbridge.backend.auth.AuthServiceTest" time="0.007"/>
</testsuite>